<?xml version="1.0" encoding="UTF-8"?>
<testsuite name="database.DbAccessTest" tests="1" skipped="0" failures="0" errors="0" timestamp="2019-06-25T13:43:17" hostname="DESKTOP-07AMN4D" time="0.027">
  <properties/>
  <testcase name="testInitConnection()" classname="database.DbAccessTest" time="0.027"/>
  <system-out><![CDATA[]]></system-out>
  <system-err><![CDATA[]]></system-err>
</testsuite>
