<?xml version="1.0" encoding="UTF-8"?>
<testsuite name="data.ContinuousItemTest" tests="1" skipped="0" failures="0" errors="0" timestamp="2019-06-25T13:43:14" hostname="DESKTOP-07AMN4D" time="0.004">
  <properties/>
  <testcase name="testDistance()" classname="data.ContinuousItemTest" time="0.004"/>
  <system-out><![CDATA[]]></system-out>
  <system-err><![CDATA[]]></system-err>
</testsuite>
