<?xml version="1.0" encoding="UTF-8"?>
<testsuite name="data.DiscreteItemTest" tests="1" skipped="0" failures="0" errors="0" timestamp="2019-06-25T13:43:17" hostname="DESKTOP-07AMN4D" time="0.001">
  <properties/>
  <testcase name="testDistance()" classname="data.DiscreteItemTest" time="0.001"/>
  <system-out><![CDATA[]]></system-out>
  <system-err><![CDATA[]]></system-err>
</testsuite>
