<?xml version="1.0" encoding="UTF-8"?>
<testsuite name="mining.ClusterTest" tests="1" skipped="0" failures="0" errors="0" timestamp="2019-06-25T13:43:17" hostname="DESKTOP-07AMN4D" time="0.096">
  <properties/>
  <testcase name="testCompareTo()" classname="mining.ClusterTest" time="0.096"/>
  <system-out><![CDATA[ ================= 
[discreto, continuo]
 ================= 
]]></system-out>
  <system-err><![CDATA[]]></system-err>
</testsuite>
