<?xml version="1.0" encoding="UTF-8"?>
<testsuite name="database.TableSchemaTest" tests="2" skipped="0" failures="0" errors="0" timestamp="2019-06-25T13:43:17" hostname="DESKTOP-07AMN4D" time="0.002">
  <properties/>
  <testcase name="testGetNumberOfAttribute()" classname="database.TableSchemaTest" time="0.0"/>
  <testcase name="testGetColumn()" classname="database.TableSchemaTest" time="0.001"/>
  <system-out><![CDATA[]]></system-out>
  <system-err><![CDATA[]]></system-err>
</testsuite>
