<?xml version="1.0" encoding="UTF-8"?>
<testsuite name="data.TupleTest" tests="2" skipped="0" failures="0" errors="0" timestamp="2019-06-25T13:43:17" hostname="DESKTOP-07AMN4D" time="0.086">
  <properties/>
  <testcase name="testAvgDistance()" classname="data.TupleTest" time="0.078"/>
  <testcase name="testGetDistance()" classname="data.TupleTest" time="0.007"/>
  <system-out><![CDATA[ ================= 
[discreto, continuo]
 ================= 
]]></system-out>
  <system-err><![CDATA[]]></system-err>
</testsuite>
