<?xml version="1.0" encoding="UTF-8"?>
<testsuite name="database.tableDataTest" tests="3" skipped="0" failures="0" errors="0" timestamp="2019-06-25T13:43:17" hostname="DESKTOP-07AMN4D" time="0.03">
  <properties/>
  <testcase name="testGetDistinctColumnValues()" classname="database.tableDataTest" time="0.006"/>
  <testcase name="testGetAggregateColumnValue()" classname="database.tableDataTest" time="0.005"/>
  <testcase name="testGetDistinctTransazioni()" classname="database.tableDataTest" time="0.015"/>
  <system-out><![CDATA[]]></system-out>
  <system-err><![CDATA[]]></system-err>
</testsuite>
