<?xml version="1.0" encoding="UTF-8"?>
<testsuite name="database.ExampleTest" tests="1" skipped="0" failures="0" errors="0" timestamp="2019-06-25T13:43:17" hostname="DESKTOP-07AMN4D" time="0.002">
  <properties/>
  <testcase name="testCompareTo()" classname="database.ExampleTest" time="0.002"/>
  <system-out><![CDATA[]]></system-out>
  <system-err><![CDATA[]]></system-err>
</testsuite>
